2019-09-18 08:11:48 -  - exec CUpdateClientPartner::SearchModulesEx
2019-09-18 08:11:48 -  - exec CUpdateClientPartner::__CollectRequestData
2019-09-18 08:11:48 -  - utf=Y&lang=ru&stable=Y&CANGZIP=Y&SUPD_DBS=MYSQL&XE=N&CLIENT_SITE=erooms.fvds.ru&LICENSE_KEY=X&SUPD_STS=1&SUPD_URS=0&SUPD_URSA=1&TYPENC=D&CLIENT_PHPVER=5.6.38&NGINX=Y&dbv=5.7.24&instm=main%2C18.5.180%2CY%3Bhighloadblock%2C18.5.100%2CN%3Babtest%2C17.5.0%2CN%3Btranslate%2C18.0.0%2CN%3Bvote%2C17.5.1%2CN%3Bblog%2C18.1.0%2CN%3Bseo%2C18.6.100%2CN%3Bb24connector%2C18.5.0%2CN%3Bcatalog%2C18.6.300%2CN%3Bmobileapp%2C18.5.100%2CN%3Bfileman%2C18.5.400%2CN%3Bsocialservices%2C18.5.100%2CN%3Bbitrixcloud%2C18.5.0%2CN%3Brest%2C18.5.7%2CN%3Bsearch%2C18.5.200%2CN%3Bui%2C18.5.150%2CN%3Bsender%2C18.5.3%2CN%3Bsecurity%2C18.5.1%2CN%3Bpull%2C18.5.100%2CN%3Breport%2C18.1.1%2CN%3Blanding%2C18.6.75%2CN%3Bcurrency%2C18.5.1%2CN%3Bbitrix.eshop%2C18.0.0%2CN%3Bclouds%2C18.0.0%2CN%3Biblock%2C18.6.400%2CN%3Bscale%2C17.5.0%2CN%3Bconversion%2C18.5.0%2CN%3Bmessageservice%2C18.0.3%2CN%3Bstoreassist%2C18.1.0%2CN%3Bsubscribe%2C18.5.0%2CN%3Bsale%2C18.6.175%2CN%3Bforum%2C18.0.5%2CN%3Bform%2C18.0.0%2CN%3Bbitrix.sitecorporate%2C15.5.0%2CN%3Bcompression%2C16.0.0%2CN%3Bperfmon%2C18.5.0%2CN%3Bphotogallery%2C18.0.0%2CN&search_module_id=&search_module=&search_category=7%2C14&search_type=&search_order=DESC&search_order_by=SORT&search_page=1&SUPD_SRS=RU&SUPD_CMP=N
2019-09-18 08:11:48 -  - exec CUpdateClientPartner::GetHTTPPage
2019-09-18 08:11:49 -  - TIME SearchModulesEx(request) 1.021 sec
2019-09-18 08:11:49 -  - exec CUpdateClientPartner::ParseServerData
2019-09-18 08:12:08 -  - exec CUpdateClientPartner::LoadModulesUpdates
2019-09-18 08:12:08 -  - exec CUpdateClientPartner::__CollectRequestData
2019-09-18 08:12:08 -  - utf=Y&lang=ru&stable=Y&CANGZIP=Y&SUPD_DBS=MYSQL&XE=N&CLIENT_SITE=erooms.fvds.ru&LICENSE_KEY=X&SUPD_STS=1&SUPD_URS=0&SUPD_URSA=1&TYPENC=D&CLIENT_PHPVER=5.6.38&NGINX=Y&dbv=5.7.24&instm=main%2C18.5.180%2CY%3Bhighloadblock%2C18.5.100%2CN%3Babtest%2C17.5.0%2CN%3Btranslate%2C18.0.0%2CN%3Bvote%2C17.5.1%2CN%3Bblog%2C18.1.0%2CN%3Bseo%2C18.6.100%2CN%3Bb24connector%2C18.5.0%2CN%3Bcatalog%2C18.6.300%2CN%3Bmobileapp%2C18.5.100%2CN%3Bfileman%2C18.5.400%2CN%3Bsocialservices%2C18.5.100%2CN%3Bbitrixcloud%2C18.5.0%2CN%3Brest%2C18.5.7%2CN%3Bsearch%2C18.5.200%2CN%3Bui%2C18.5.150%2CN%3Bsender%2C18.5.3%2CN%3Bsecurity%2C18.5.1%2CN%3Bpull%2C18.5.100%2CN%3Breport%2C18.1.1%2CN%3Blanding%2C18.6.75%2CN%3Bcurrency%2C18.5.1%2CN%3Bbitrix.eshop%2C18.0.0%2CN%3Bclouds%2C18.0.0%2CN%3Biblock%2C18.6.400%2CN%3Bscale%2C17.5.0%2CN%3Bconversion%2C18.5.0%2CN%3Bmessageservice%2C18.0.3%2CN%3Bstoreassist%2C18.1.0%2CN%3Bsubscribe%2C18.5.0%2CN%3Bsale%2C18.6.175%2CN%3Bforum%2C18.0.5%2CN%3Bform%2C18.0.0%2CN%3Bbitrix.sitecorporate%2C15.5.0%2CN%3Bcompression%2C16.0.0%2CN%3Bperfmon%2C18.5.0%2CN%3Bphotogallery%2C18.0.0%2CN&reqm=nsandrey.emptyinstall&lim=Y&SUPD_SRS=RU&SUPD_CMP=N
2019-09-18 08:12:08 -  - exec CUpdateClientPartner::GetHTTPPage
2019-09-18 08:12:09 -  - TIME LoadModulesUpdates(request) 0.256 sec
2019-09-18 08:12:09 -  - exec CUpdateClientPartner::ParseServerData
2019-09-18 08:12:09 - S - STEP
2019-09-18 08:12:09 - LM4W01 - loadModule4Wizard-Step
2019-09-18 08:12:09 -  - exec CUpdateClientPartner::LoadModulesUpdates
2019-09-18 08:12:09 -  - exec CUpdateClientPartner::ParseServerData
2019-09-18 08:12:09 -  - loadFile
2019-09-18 08:12:09 - U - RETURN
2019-09-18 08:12:09 -  - exec CUpdateClientPartner::UnGzipArchive
2019-09-18 08:12:09 -  - TIME UnGzipArchive 0.058 sec
2019-09-18 08:12:10 -  - TIME UpdateStepModules 0.218 sec
2019-09-18 08:12:11 -  - exec CUpdateClientPartner::LoadModulesUpdates
2019-09-18 08:12:11 -  - exec CUpdateClientPartner::__CollectRequestData
2019-09-18 08:12:11 -  - utf=Y&lang=ru&stable=Y&CANGZIP=Y&SUPD_DBS=MYSQL&XE=N&CLIENT_SITE=erooms.fvds.ru&LICENSE_KEY=X&SUPD_STS=1&SUPD_URS=0&SUPD_URSA=1&TYPENC=D&CLIENT_PHPVER=5.6.38&NGINX=Y&dbv=5.7.24&instm=main%2C18.5.180%2CY%3Bhighloadblock%2C18.5.100%2CN%3Babtest%2C17.5.0%2CN%3Btranslate%2C18.0.0%2CN%3Bvote%2C17.5.1%2CN%3Bblog%2C18.1.0%2CN%3Bseo%2C18.6.100%2CN%3Bb24connector%2C18.5.0%2CN%3Bcatalog%2C18.6.300%2CN%3Bmobileapp%2C18.5.100%2CN%3Bfileman%2C18.5.400%2CN%3Bnsandrey.emptyinstall%2C1.0.5%2CN%3Bsocialservices%2C18.5.100%2CN%3Bbitrixcloud%2C18.5.0%2CN%3Brest%2C18.5.7%2CN%3Bsearch%2C18.5.200%2CN%3Bui%2C18.5.150%2CN%3Bsender%2C18.5.3%2CN%3Bsecurity%2C18.5.1%2CN%3Bpull%2C18.5.100%2CN%3Breport%2C18.1.1%2CN%3Blanding%2C18.6.75%2CN%3Bcurrency%2C18.5.1%2CN%3Bbitrix.eshop%2C18.0.0%2CN%3Bclouds%2C18.0.0%2CN%3Biblock%2C18.6.400%2CN%3Bscale%2C17.5.0%2CN%3Bconversion%2C18.5.0%2CN%3Bmessageservice%2C18.0.3%2CN%3Bstoreassist%2C18.1.0%2CN%3Bsubscribe%2C18.5.0%2CN%3Bsale%2C18.6.175%2CN%3Bforum%2C18.0.5%2CN%3Bform%2C18.0.0%2CN%3Bbitrix.sitecorporate%2C15.5.0%2CN%3Bcompression%2C16.0.0%2CN%3Bperfmon%2C18.5.0%2CN%3Bphotogallery%2C18.0.0%2CN&reqm=nsandrey.emptyinstall&lim=Y&SUPD_SRS=RU&SUPD_CMP=N
2019-09-18 08:12:11 -  - exec CUpdateClientPartner::GetHTTPPage
2019-09-18 08:12:11 -  - TIME LoadModulesUpdates(request) 0.231 sec
2019-09-18 08:12:11 -  - exec CUpdateClientPartner::ParseServerData
2019-09-18 08:12:11 - STEP - Finish - NOUPDATES
2019-09-18 08:12:11 - LM4W03 - Finish - NOUPDATES
2019-09-18 08:13:03 -  - exec CUpdateClientPartner::__CollectRequestData
2019-09-18 08:13:03 -  - exec CUpdateClientPartner::GetHTTPPage
2019-09-18 08:13:03 -  - exec CUpdateClientPartner::ParseServerData
2019-09-18 08:13:03 -  - exec CUpdateClientPartner::GetUpdatesList
2019-09-18 08:13:03 -  - exec CUpdateClientPartner::__CollectRequestData
2019-09-18 08:13:03 -  - utf=Y&lang=ru&stable=Y&CANGZIP=Y&SUPD_DBS=MYSQL&XE=N&CLIENT_SITE=erooms.fvds.ru&LICENSE_KEY=X&SUPD_STS=1&SUPD_URS=0&SUPD_URSA=1&TYPENC=D&CLIENT_PHPVER=5.6.38&NGINX=Y&dbv=5.7.24&instm=main%2C18.5.180%2CY%3Bhighloadblock%2C18.5.100%2CN%3Babtest%2C17.5.0%2CN%3Btranslate%2C18.0.0%2CN%3Bvote%2C17.5.1%2CN%3Bblog%2C18.1.0%2CN%3Bseo%2C18.6.100%2CN%3Bb24connector%2C18.5.0%2CN%3Bcatalog%2C18.6.300%2CN%3Bmobileapp%2C18.5.100%2CN%3Bfileman%2C18.5.400%2CN%3Bnsandrey.emptyinstall%2C1.0.5%2CN%3Bsocialservices%2C18.5.100%2CN%3Bbitrixcloud%2C18.5.0%2CN%3Brest%2C18.5.7%2CN%3Bsearch%2C18.5.200%2CN%3Bui%2C18.5.150%2CN%3Bsender%2C18.5.3%2CN%3Bsecurity%2C18.5.1%2CN%3Bpull%2C18.5.100%2CN%3Breport%2C18.1.1%2CN%3Blanding%2C18.6.75%2CN%3Bcurrency%2C18.5.1%2CN%3Bbitrix.eshop%2C18.0.0%2CN%3Bclouds%2C18.0.0%2CN%3Biblock%2C18.6.400%2CN%3Bscale%2C17.5.0%2CN%3Bconversion%2C18.5.0%2CN%3Bmessageservice%2C18.0.3%2CN%3Bstoreassist%2C18.1.0%2CN%3Bsubscribe%2C18.5.0%2CN%3Bsale%2C18.6.175%2CN%3Bforum%2C18.0.5%2CN%3Bform%2C18.0.0%2CN%3Bbitrix.sitecorporate%2C15.5.0%2CN%3Bcompression%2C16.0.0%2CN%3Bperfmon%2C18.5.0%2CN%3Bphotogallery%2C18.0.0%2CN&reqm=nsandrey.emptyinstall%2Cbitrix.eshop%2Cbitrix.sitecorporate&fullmoduleinfo=Y&SUPD_SRS=RU&SUPD_CMP=N
2019-09-18 08:13:03 -  - exec CUpdateClientPartner::GetHTTPPage
2019-09-18 08:13:03 -  - TIME GetUpdatesList(request) 0.221 sec
2019-09-18 08:13:03 -  - exec CUpdateClientPartner::ParseServerData
2019-09-18 08:13:03 -  - exec CUpdateClientPartner::__CollectRequestData
2019-09-18 08:13:03 -  - exec CUpdateClientPartner::GetHTTPPage
2019-09-18 08:13:04 -  - exec CUpdateClientPartner::ParseServerData
2019-09-23 07:46:05 -  - exec CUpdateClientPartner::__CollectRequestData
2019-09-23 07:46:05 -  - exec CUpdateClientPartner::GetHTTPPage
2019-09-23 07:46:05 -  - exec CUpdateClientPartner::ParseServerData
2019-09-23 07:46:05 -  - exec CUpdateClientPartner::GetUpdatesList
2019-09-23 07:46:05 -  - exec CUpdateClientPartner::__CollectRequestData
2019-09-23 07:46:05 -  - utf=Y&lang=ru&stable=Y&CANGZIP=Y&SUPD_DBS=MYSQL&XE=N&CLIENT_SITE=erooms.fvds.ru&LICENSE_KEY=X&SUPD_STS=1&SUPD_URS=0&SUPD_URSA=1&TYPENC=D&CLIENT_PHPVER=5.6.38&NGINX=Y&dbv=5.7.24&instm=main%2C18.5.180%2CY%3Bhighloadblock%2C18.5.100%2CN%3Babtest%2C17.5.0%2CN%3Btranslate%2C18.0.0%2CN%3Bvote%2C17.5.1%2CN%3Bblog%2C18.1.0%2CN%3Bseo%2C18.6.100%2CN%3Bb24connector%2C18.5.0%2CN%3Bcatalog%2C18.6.300%2CN%3Bmobileapp%2C18.5.100%2CN%3Bfileman%2C18.5.400%2CN%3Bnsandrey.emptyinstall%2C1.0.5%2CN%3Bsocialservices%2C18.5.100%2CN%3Bbitrixcloud%2C18.5.0%2CN%3Brest%2C18.5.7%2CN%3Bsearch%2C18.5.200%2CN%3Bui%2C18.5.150%2CN%3Bsender%2C18.5.3%2CN%3Bsecurity%2C18.5.1%2CN%3Bpull%2C18.5.100%2CN%3Breport%2C18.1.1%2CN%3Blanding%2C18.6.75%2CN%3Bcurrency%2C18.5.1%2CN%3Bbitrix.eshop%2C18.0.0%2CN%3Bclouds%2C18.0.0%2CN%3Biblock%2C18.6.400%2CN%3Bscale%2C17.5.0%2CN%3Bconversion%2C18.5.0%2CN%3Bmessageservice%2C18.0.3%2CN%3Bstoreassist%2C18.1.0%2CN%3Bsubscribe%2C18.5.0%2CN%3Bsale%2C18.6.175%2CN%3Bforum%2C18.0.5%2CN%3Bform%2C18.0.0%2CN%3Bbitrix.sitecorporate%2C15.5.0%2CN%3Bcompression%2C16.0.0%2CN%3Bperfmon%2C18.5.0%2CN%3Bphotogallery%2C18.0.0%2CN&reqm=nsandrey.emptyinstall%2Cbitrix.eshop%2Cbitrix.sitecorporate&fullmoduleinfo=Y&SUPD_SRS=RU&SUPD_CMP=N
2019-09-23 07:46:05 -  - exec CUpdateClientPartner::GetHTTPPage
2019-09-23 07:46:05 -  - TIME GetUpdatesList(request) 0.218 sec
2019-09-23 07:46:05 -  - exec CUpdateClientPartner::ParseServerData
2019-09-23 07:46:05 -  - exec CUpdateClientPartner::__CollectRequestData
2019-09-23 07:46:05 -  - exec CUpdateClientPartner::GetHTTPPage
2019-09-23 07:46:06 -  - exec CUpdateClientPartner::ParseServerData
2019-09-24 08:04:59 -  - exec CUpdateClientPartner::__CollectRequestData
2019-09-24 08:04:59 -  - exec CUpdateClientPartner::GetHTTPPage
2019-09-24 08:05:00 -  - exec CUpdateClientPartner::ParseServerData
2019-09-24 08:05:00 -  - exec CUpdateClientPartner::GetUpdatesList
2019-09-24 08:05:00 -  - exec CUpdateClientPartner::__CollectRequestData
2019-09-24 08:05:00 -  - utf=Y&lang=ru&stable=Y&CANGZIP=Y&SUPD_DBS=MYSQL&XE=N&CLIENT_SITE=erooms.fvds.ru&LICENSE_KEY=X&SUPD_STS=1&SUPD_URS=0&SUPD_URSA=1&TYPENC=D&CLIENT_PHPVER=5.6.38&NGINX=Y&dbv=5.7.24&instm=main%2C18.5.180%2CY%3Bhighloadblock%2C18.5.100%2CN%3Babtest%2C17.5.0%2CN%3Btranslate%2C18.0.0%2CN%3Bvote%2C17.5.1%2CN%3Bblog%2C18.1.0%2CN%3Bseo%2C18.6.100%2CN%3Bb24connector%2C18.5.0%2CN%3Bcatalog%2C18.6.300%2CN%3Bmobileapp%2C18.5.100%2CN%3Bfileman%2C18.5.400%2CN%3Bnsandrey.emptyinstall%2C1.0.5%2CN%3Bsocialservices%2C18.5.100%2CN%3Bbitrixcloud%2C18.5.0%2CN%3Brest%2C18.5.7%2CN%3Bsearch%2C18.5.200%2CN%3Bui%2C18.5.150%2CN%3Bsender%2C18.5.3%2CN%3Bsecurity%2C18.5.1%2CN%3Bpull%2C18.5.100%2CN%3Breport%2C18.1.1%2CN%3Blanding%2C18.6.75%2CN%3Bcurrency%2C18.5.1%2CN%3Bbitrix.eshop%2C18.0.0%2CN%3Bclouds%2C18.0.0%2CN%3Biblock%2C18.6.400%2CN%3Bscale%2C17.5.0%2CN%3Bconversion%2C18.5.0%2CN%3Bmessageservice%2C18.0.3%2CN%3Bstoreassist%2C18.1.0%2CN%3Bsubscribe%2C18.5.0%2CN%3Bsale%2C18.6.175%2CN%3Bforum%2C18.0.5%2CN%3Bform%2C18.0.0%2CN%3Bbitrix.sitecorporate%2C15.5.0%2CN%3Bcompression%2C16.0.0%2CN%3Bperfmon%2C18.5.0%2CN%3Bphotogallery%2C18.0.0%2CN&reqm=nsandrey.emptyinstall%2Cbitrix.eshop%2Cbitrix.sitecorporate&fullmoduleinfo=Y&SUPD_SRS=RU&SUPD_CMP=N
2019-09-24 08:05:00 -  - exec CUpdateClientPartner::GetHTTPPage
2019-09-24 08:05:00 -  - TIME GetUpdatesList(request) 0.255 sec
2019-09-24 08:05:00 -  - exec CUpdateClientPartner::ParseServerData
2019-09-24 08:05:00 -  - exec CUpdateClientPartner::__CollectRequestData
2019-09-24 08:05:00 -  - exec CUpdateClientPartner::GetHTTPPage
2019-09-24 08:05:00 -  - exec CUpdateClientPartner::ParseServerData
2019-09-25 08:05:25 -  - exec CUpdateClientPartner::__CollectRequestData
2019-09-25 08:05:25 -  - exec CUpdateClientPartner::GetHTTPPage
2019-09-25 08:05:25 -  - exec CUpdateClientPartner::ParseServerData
2019-09-25 08:05:25 -  - exec CUpdateClientPartner::GetUpdatesList
2019-09-25 08:05:25 -  - exec CUpdateClientPartner::__CollectRequestData
2019-09-25 08:05:25 -  - utf=Y&lang=ru&stable=Y&CANGZIP=Y&SUPD_DBS=MYSQL&XE=N&CLIENT_SITE=erooms.fvds.ru&LICENSE_KEY=X&SUPD_STS=1&SUPD_URS=0&SUPD_URSA=1&TYPENC=D&CLIENT_PHPVER=5.6.38&NGINX=Y&dbv=5.7.24&instm=main%2C18.5.180%2CY%3Bhighloadblock%2C18.5.100%2CN%3Babtest%2C17.5.0%2CN%3Btranslate%2C18.0.0%2CN%3Bvote%2C17.5.1%2CN%3Bblog%2C18.1.0%2CN%3Bseo%2C18.6.100%2CN%3Bb24connector%2C18.5.0%2CN%3Bcatalog%2C18.6.300%2CN%3Bmobileapp%2C18.5.100%2CN%3Bfileman%2C18.5.400%2CN%3Bnsandrey.emptyinstall%2C1.0.5%2CN%3Bsocialservices%2C18.5.100%2CN%3Bbitrixcloud%2C18.5.0%2CN%3Brest%2C18.5.7%2CN%3Bsearch%2C18.5.200%2CN%3Bui%2C18.5.150%2CN%3Bsender%2C18.5.3%2CN%3Bsecurity%2C18.5.1%2CN%3Bpull%2C18.5.100%2CN%3Breport%2C18.1.1%2CN%3Blanding%2C18.6.75%2CN%3Bcurrency%2C18.5.1%2CN%3Bbitrix.eshop%2C18.0.0%2CN%3Bclouds%2C18.0.0%2CN%3Biblock%2C18.6.400%2CN%3Bscale%2C17.5.0%2CN%3Bconversion%2C18.5.0%2CN%3Bmessageservice%2C18.0.3%2CN%3Bstoreassist%2C18.1.0%2CN%3Bsubscribe%2C18.5.0%2CN%3Bsale%2C18.6.175%2CN%3Bforum%2C18.0.5%2CN%3Bform%2C18.0.0%2CN%3Bbitrix.sitecorporate%2C15.5.0%2CN%3Bcompression%2C16.0.0%2CN%3Bperfmon%2C18.5.0%2CN%3Bphotogallery%2C18.0.0%2CN&reqm=nsandrey.emptyinstall%2Cbitrix.eshop%2Cbitrix.sitecorporate&fullmoduleinfo=Y&SUPD_SRS=RU&SUPD_CMP=N
2019-09-25 08:05:25 -  - exec CUpdateClientPartner::GetHTTPPage
2019-09-25 08:05:25 -  - TIME GetUpdatesList(request) 0.224 sec
2019-09-25 08:05:25 -  - exec CUpdateClientPartner::ParseServerData
2019-09-25 08:05:25 -  - exec CUpdateClientPartner::__CollectRequestData
2019-09-25 08:05:25 -  - exec CUpdateClientPartner::GetHTTPPage
2019-09-25 08:05:25 -  - exec CUpdateClientPartner::ParseServerData
2019-09-26 08:24:28 -  - exec CUpdateClientPartner::__CollectRequestData
2019-09-26 08:24:28 -  - exec CUpdateClientPartner::GetHTTPPage
2019-09-26 08:26:21 -  - exec CUpdateClientPartner::__CollectRequestData
2019-09-26 08:26:21 -  - exec CUpdateClientPartner::GetHTTPPage
2019-09-26 08:26:21 -  - exec CUpdateClientPartner::ParseServerData
2019-09-26 08:26:21 -  - exec CUpdateClientPartner::GetUpdatesList
2019-09-26 08:26:21 -  - exec CUpdateClientPartner::__CollectRequestData
2019-09-26 08:26:21 -  - utf=Y&lang=ru&stable=Y&CANGZIP=Y&SUPD_DBS=MYSQL&XE=N&CLIENT_SITE=erooms.fvds.ru&LICENSE_KEY=X&SUPD_STS=1&SUPD_URS=0&SUPD_URSA=1&TYPENC=D&CLIENT_PHPVER=5.6.38&NGINX=Y&dbv=5.7.24&instm=main%2C18.5.180%2CY%3Bhighloadblock%2C18.5.100%2CN%3Babtest%2C17.5.0%2CN%3Btranslate%2C18.0.0%2CN%3Bvote%2C17.5.1%2CN%3Bblog%2C18.1.0%2CN%3Bseo%2C18.6.100%2CN%3Bb24connector%2C18.5.0%2CN%3Bcatalog%2C18.6.300%2CN%3Bmobileapp%2C18.5.100%2CN%3Bfileman%2C18.5.400%2CN%3Bnsandrey.emptyinstall%2C1.0.5%2CN%3Bsocialservices%2C18.5.100%2CN%3Bbitrixcloud%2C18.5.0%2CN%3Brest%2C18.5.7%2CN%3Bsearch%2C18.5.200%2CN%3Bui%2C18.5.150%2CN%3Bsender%2C18.5.3%2CN%3Bsecurity%2C18.5.1%2CN%3Bpull%2C18.5.100%2CN%3Breport%2C18.1.1%2CN%3Blanding%2C18.6.75%2CN%3Bcurrency%2C18.5.1%2CN%3Bbitrix.eshop%2C18.0.0%2CN%3Bclouds%2C18.0.0%2CN%3Biblock%2C18.6.400%2CN%3Bscale%2C17.5.0%2CN%3Bconversion%2C18.5.0%2CN%3Bmessageservice%2C18.0.3%2CN%3Bstoreassist%2C18.1.0%2CN%3Bsubscribe%2C18.5.0%2CN%3Bsale%2C18.6.175%2CN%3Bforum%2C18.0.5%2CN%3Bform%2C18.0.0%2CN%3Bbitrix.sitecorporate%2C15.5.0%2CN%3Bcompression%2C16.0.0%2CN%3Bperfmon%2C18.5.0%2CN%3Bphotogallery%2C18.0.0%2CN&reqm=nsandrey.emptyinstall%2Cbitrix.eshop%2Cbitrix.sitecorporate&fullmoduleinfo=Y&SUPD_SRS=RU&SUPD_CMP=N
2019-09-26 08:26:21 -  - exec CUpdateClientPartner::GetHTTPPage
2019-09-26 08:26:22 -  - TIME GetUpdatesList(request) 0.242 sec
2019-09-26 08:26:22 -  - exec CUpdateClientPartner::ParseServerData
2019-09-26 08:26:22 -  - exec CUpdateClientPartner::__CollectRequestData
2019-09-26 08:26:22 -  - exec CUpdateClientPartner::GetHTTPPage
2019-09-26 08:26:22 -  - exec CUpdateClientPartner::ParseServerData
2019-09-29 21:44:33 -  - exec CUpdateClientPartner::__CollectRequestData
2019-09-29 21:44:33 -  - exec CUpdateClientPartner::GetHTTPPage
2019-09-29 21:44:33 -  - exec CUpdateClientPartner::ParseServerData
2019-09-29 21:44:33 -  - exec CUpdateClientPartner::GetUpdatesList
2019-09-29 21:44:33 -  - exec CUpdateClientPartner::__CollectRequestData
2019-09-29 21:44:33 -  - utf=Y&lang=ru&stable=Y&CANGZIP=Y&SUPD_DBS=MYSQL&XE=N&CLIENT_SITE=erooms.fvds.ru&LICENSE_KEY=X&SUPD_STS=1&SUPD_URS=0&SUPD_URSA=1&TYPENC=D&CLIENT_PHPVER=5.6.38&NGINX=Y&dbv=5.7.24&instm=main%2C18.5.180%2CY%3Bhighloadblock%2C18.5.100%2CN%3Babtest%2C17.5.0%2CN%3Btranslate%2C18.0.0%2CN%3Bvote%2C17.5.1%2CN%3Bblog%2C18.1.0%2CN%3Bseo%2C18.6.100%2CN%3Bb24connector%2C18.5.0%2CN%3Bcatalog%2C18.6.300%2CN%3Bmobileapp%2C18.5.100%2CN%3Bfileman%2C18.5.400%2CN%3Bnsandrey.emptyinstall%2C1.0.5%2CN%3Bsocialservices%2C18.5.100%2CN%3Bbitrixcloud%2C18.5.0%2CN%3Brest%2C18.5.7%2CN%3Bsearch%2C18.5.200%2CN%3Bui%2C18.5.150%2CN%3Bsender%2C18.5.3%2CN%3Bsecurity%2C18.5.1%2CN%3Bpull%2C18.5.100%2CN%3Breport%2C18.1.1%2CN%3Blanding%2C18.6.75%2CN%3Bcurrency%2C18.5.1%2CN%3Bbitrix.eshop%2C18.0.0%2CN%3Bclouds%2C18.0.0%2CN%3Biblock%2C18.6.400%2CN%3Bscale%2C17.5.0%2CN%3Bconversion%2C18.5.0%2CN%3Bmessageservice%2C18.0.3%2CN%3Bstoreassist%2C18.1.0%2CN%3Bsubscribe%2C18.5.0%2CN%3Bsale%2C18.6.175%2CN%3Bforum%2C18.0.5%2CN%3Bform%2C18.0.0%2CN%3Bbitrix.sitecorporate%2C15.5.0%2CN%3Bcompression%2C16.0.0%2CN%3Bperfmon%2C18.5.0%2CN%3Bphotogallery%2C18.0.0%2CN&reqm=nsandrey.emptyinstall%2Cbitrix.eshop%2Cbitrix.sitecorporate&fullmoduleinfo=Y&SUPD_SRS=RU&SUPD_CMP=N
2019-09-29 21:44:33 -  - exec CUpdateClientPartner::GetHTTPPage
2019-09-29 21:44:34 -  - TIME GetUpdatesList(request) 0.229 sec
2019-09-29 21:44:34 -  - exec CUpdateClientPartner::ParseServerData
2019-09-29 21:44:34 -  - exec CUpdateClientPartner::__CollectRequestData
2019-09-29 21:44:34 -  - exec CUpdateClientPartner::GetHTTPPage
2019-09-29 21:44:34 -  - exec CUpdateClientPartner::ParseServerData
2019-10-02 02:37:33 -  - exec CUpdateClientPartner::__CollectRequestData
2019-10-02 02:37:33 -  - exec CUpdateClientPartner::GetHTTPPage
2019-10-02 02:37:33 -  - exec CUpdateClientPartner::ParseServerData
2019-10-02 02:37:33 -  - exec CUpdateClientPartner::GetUpdatesList
2019-10-02 02:37:33 -  - exec CUpdateClientPartner::__CollectRequestData
2019-10-02 02:37:33 -  - utf=Y&lang=ru&stable=Y&CANGZIP=Y&SUPD_DBS=MYSQL&XE=N&CLIENT_SITE=erooms.fvds.ru&LICENSE_KEY=X&SUPD_STS=1&SUPD_URS=0&SUPD_URSA=1&TYPENC=D&CLIENT_PHPVER=5.6.38&NGINX=Y&dbv=5.7.24&instm=main%2C18.5.180%2CY%3Bhighloadblock%2C18.5.100%2CN%3Babtest%2C17.5.0%2CN%3Btranslate%2C18.0.0%2CN%3Bvote%2C17.5.1%2CN%3Bblog%2C18.1.0%2CN%3Bseo%2C18.6.100%2CN%3Bb24connector%2C18.5.0%2CN%3Bcatalog%2C18.6.300%2CN%3Bmobileapp%2C18.5.100%2CN%3Bfileman%2C18.5.400%2CN%3Bnsandrey.emptyinstall%2C1.0.5%2CN%3Bsocialservices%2C18.5.100%2CN%3Bbitrixcloud%2C18.5.0%2CN%3Brest%2C18.5.7%2CN%3Bsearch%2C18.5.200%2CN%3Bui%2C18.5.150%2CN%3Bsender%2C18.5.3%2CN%3Bsecurity%2C18.5.1%2CN%3Bpull%2C18.5.100%2CN%3Breport%2C18.1.1%2CN%3Blanding%2C18.6.75%2CN%3Bcurrency%2C18.5.1%2CN%3Bbitrix.eshop%2C18.0.0%2CN%3Bclouds%2C18.0.0%2CN%3Biblock%2C18.6.400%2CN%3Bscale%2C17.5.0%2CN%3Bconversion%2C18.5.0%2CN%3Bmessageservice%2C18.0.3%2CN%3Bstoreassist%2C18.1.0%2CN%3Bsubscribe%2C18.5.0%2CN%3Bsale%2C18.6.175%2CN%3Bforum%2C18.0.5%2CN%3Bform%2C18.0.0%2CN%3Bbitrix.sitecorporate%2C15.5.0%2CN%3Bcompression%2C16.0.0%2CN%3Bperfmon%2C18.5.0%2CN%3Bphotogallery%2C18.0.0%2CN&reqm=nsandrey.emptyinstall%2Cbitrix.eshop%2Cbitrix.sitecorporate&fullmoduleinfo=Y&SUPD_SRS=RU&SUPD_CMP=N
2019-10-02 02:37:33 -  - exec CUpdateClientPartner::GetHTTPPage
2019-10-02 02:37:33 -  - TIME GetUpdatesList(request) 0.224 sec
2019-10-02 02:37:33 -  - exec CUpdateClientPartner::ParseServerData
2019-10-02 02:37:33 -  - exec CUpdateClientPartner::__CollectRequestData
2019-10-02 02:37:33 -  - exec CUpdateClientPartner::GetHTTPPage
2019-10-02 02:37:33 -  - exec CUpdateClientPartner::ParseServerData
2019-10-07 23:10:54 -  - exec CUpdateClientPartner::__CollectRequestData
2019-10-07 23:10:54 -  - exec CUpdateClientPartner::GetHTTPPage
2019-10-07 23:10:54 -  - exec CUpdateClientPartner::ParseServerData
2019-10-07 23:10:54 -  - exec CUpdateClientPartner::GetUpdatesList
2019-10-07 23:10:54 -  - exec CUpdateClientPartner::__CollectRequestData
2019-10-07 23:10:54 -  - utf=Y&lang=ru&stable=Y&CANGZIP=Y&SUPD_DBS=MYSQL&XE=N&CLIENT_SITE=erooms.fvds.ru&LICENSE_KEY=X&SUPD_STS=1&SUPD_URS=0&SUPD_URSA=1&TYPENC=D&CLIENT_PHPVER=5.6.38&NGINX=Y&dbv=5.7.24&instm=main%2C18.5.180%2CY%3Bhighloadblock%2C18.5.100%2CN%3Babtest%2C17.5.0%2CN%3Btranslate%2C18.0.0%2CN%3Bvote%2C17.5.1%2CN%3Bblog%2C18.1.0%2CN%3Bseo%2C18.6.100%2CN%3Bb24connector%2C18.5.0%2CN%3Bcatalog%2C18.6.300%2CN%3Bmobileapp%2C18.5.100%2CN%3Bfileman%2C18.5.400%2CN%3Bnsandrey.emptyinstall%2C1.0.5%2CN%3Bsocialservices%2C18.5.100%2CN%3Bbitrixcloud%2C18.5.0%2CN%3Brest%2C18.5.7%2CN%3Bsearch%2C18.5.200%2CN%3Bui%2C18.5.150%2CN%3Bsender%2C18.5.3%2CN%3Bsecurity%2C18.5.1%2CN%3Bpull%2C18.5.100%2CN%3Breport%2C18.1.1%2CN%3Blanding%2C18.6.75%2CN%3Bcurrency%2C18.5.1%2CN%3Bbitrix.eshop%2C18.0.0%2CN%3Bclouds%2C18.0.0%2CN%3Biblock%2C18.6.400%2CN%3Bscale%2C17.5.0%2CN%3Bconversion%2C18.5.0%2CN%3Bmessageservice%2C18.0.3%2CN%3Bstoreassist%2C18.1.0%2CN%3Bsubscribe%2C18.5.0%2CN%3Bsale%2C18.6.175%2CN%3Bforum%2C18.0.5%2CN%3Bform%2C18.0.0%2CN%3Bbitrix.sitecorporate%2C15.5.0%2CN%3Bcompression%2C16.0.0%2CN%3Bperfmon%2C18.5.0%2CN%3Bphotogallery%2C18.0.0%2CN&reqm=nsandrey.emptyinstall%2Cbitrix.eshop%2Cbitrix.sitecorporate&fullmoduleinfo=Y&SUPD_SRS=RU&SUPD_CMP=N
2019-10-07 23:10:54 -  - exec CUpdateClientPartner::GetHTTPPage
2019-10-07 23:10:54 -  - TIME GetUpdatesList(request) 0.205 sec
2019-10-07 23:10:54 -  - exec CUpdateClientPartner::ParseServerData
2019-10-07 23:10:54 -  - exec CUpdateClientPartner::__CollectRequestData
2019-10-07 23:10:55 -  - exec CUpdateClientPartner::GetHTTPPage
2019-10-07 23:10:55 -  - exec CUpdateClientPartner::ParseServerData
2019-10-14 03:44:32 -  - exec CUpdateClientPartner::__CollectRequestData
2019-10-14 03:44:32 -  - exec CUpdateClientPartner::__CollectRequestData
2019-10-14 03:44:32 -  - exec CUpdateClientPartner::GetHTTPPage
2019-10-14 03:44:32 -  - exec CUpdateClientPartner::GetHTTPPage
2019-10-14 03:44:32 -  - exec CUpdateClientPartner::ParseServerData
2019-10-14 03:44:32 -  - exec CUpdateClientPartner::GetUpdatesList
2019-10-14 03:44:32 -  - exec CUpdateClientPartner::__CollectRequestData
2019-10-14 03:44:32 -  - exec CUpdateClientPartner::ParseServerData
2019-10-14 03:44:32 -  - exec CUpdateClientPartner::GetUpdatesList
2019-10-14 03:44:32 -  - exec CUpdateClientPartner::__CollectRequestData
2019-10-14 03:44:32 -  - utf=Y&lang=ru&stable=Y&CANGZIP=Y&SUPD_DBS=MYSQL&XE=N&CLIENT_SITE=erooms.fvds.ru&LICENSE_KEY=X&SUPD_STS=1&SUPD_URS=0&SUPD_URSA=1&TYPENC=D&CLIENT_PHPVER=5.6.38&NGINX=Y&dbv=5.7.24&instm=main%2C18.5.180%2CY%3Bhighloadblock%2C18.5.100%2CN%3Babtest%2C17.5.0%2CN%3Btranslate%2C18.0.0%2CN%3Bvote%2C17.5.1%2CN%3Bblog%2C18.1.0%2CN%3Bseo%2C18.6.100%2CN%3Bb24connector%2C18.5.0%2CN%3Bcatalog%2C18.6.300%2CN%3Bmobileapp%2C18.5.100%2CN%3Bfileman%2C18.5.400%2CN%3Bnsandrey.emptyinstall%2C1.0.5%2CN%3Bsocialservices%2C18.5.100%2CN%3Bbitrixcloud%2C18.5.0%2CN%3Brest%2C18.5.7%2CN%3Bsearch%2C18.5.200%2CN%3Bui%2C18.5.150%2CN%3Bsender%2C18.5.3%2CN%3Bsecurity%2C18.5.1%2CN%3Bpull%2C18.5.100%2CN%3Breport%2C18.1.1%2CN%3Blanding%2C18.6.75%2CN%3Bcurrency%2C18.5.1%2CN%3Bbitrix.eshop%2C18.0.0%2CN%3Bclouds%2C18.0.0%2CN%3Biblock%2C18.6.400%2CN%3Bscale%2C17.5.0%2CN%3Bconversion%2C18.5.0%2CN%3Bmessageservice%2C18.0.3%2CN%3Bstoreassist%2C18.1.0%2CN%3Bsubscribe%2C18.5.0%2CN%3Bsale%2C18.6.175%2CN%3Bforum%2C18.0.5%2CN%3Bform%2C18.0.0%2CN%3Bbitrix.sitecorporate%2C15.5.0%2CN%3Bcompression%2C16.0.0%2CN%3Bperfmon%2C18.5.0%2CN%3Bphotogallery%2C18.0.0%2CN&reqm=nsandrey.emptyinstall%2Cbitrix.eshop%2Cbitrix.sitecorporate&fullmoduleinfo=Y&SUPD_SRS=RU&SUPD_CMP=N
2019-10-14 03:44:32 -  - exec CUpdateClientPartner::GetHTTPPage
2019-10-14 03:44:32 -  - utf=Y&lang=ru&stable=Y&CANGZIP=Y&SUPD_DBS=MYSQL&XE=N&CLIENT_SITE=erooms.fvds.ru&LICENSE_KEY=X&SUPD_STS=1&SUPD_URS=0&SUPD_URSA=1&TYPENC=D&CLIENT_PHPVER=5.6.38&NGINX=Y&dbv=5.7.24&instm=main%2C18.5.180%2CY%3Bhighloadblock%2C18.5.100%2CN%3Babtest%2C17.5.0%2CN%3Btranslate%2C18.0.0%2CN%3Bvote%2C17.5.1%2CN%3Bblog%2C18.1.0%2CN%3Bseo%2C18.6.100%2CN%3Bb24connector%2C18.5.0%2CN%3Bcatalog%2C18.6.300%2CN%3Bmobileapp%2C18.5.100%2CN%3Bfileman%2C18.5.400%2CN%3Bnsandrey.emptyinstall%2C1.0.5%2CN%3Bsocialservices%2C18.5.100%2CN%3Bbitrixcloud%2C18.5.0%2CN%3Brest%2C18.5.7%2CN%3Bsearch%2C18.5.200%2CN%3Bui%2C18.5.150%2CN%3Bsender%2C18.5.3%2CN%3Bsecurity%2C18.5.1%2CN%3Bpull%2C18.5.100%2CN%3Breport%2C18.1.1%2CN%3Blanding%2C18.6.75%2CN%3Bcurrency%2C18.5.1%2CN%3Bbitrix.eshop%2C18.0.0%2CN%3Bclouds%2C18.0.0%2CN%3Biblock%2C18.6.400%2CN%3Bscale%2C17.5.0%2CN%3Bconversion%2C18.5.0%2CN%3Bmessageservice%2C18.0.3%2CN%3Bstoreassist%2C18.1.0%2CN%3Bsubscribe%2C18.5.0%2CN%3Bsale%2C18.6.175%2CN%3Bforum%2C18.0.5%2CN%3Bform%2C18.0.0%2CN%3Bbitrix.sitecorporate%2C15.5.0%2CN%3Bcompression%2C16.0.0%2CN%3Bperfmon%2C18.5.0%2CN%3Bphotogallery%2C18.0.0%2CN&reqm=nsandrey.emptyinstall%2Cbitrix.eshop%2Cbitrix.sitecorporate&fullmoduleinfo=Y&SUPD_SRS=RU&SUPD_CMP=N
2019-10-14 03:44:32 -  - exec CUpdateClientPartner::GetHTTPPage
2019-10-14 03:44:32 -  - TIME GetUpdatesList(request) 0.231 sec
2019-10-14 03:44:32 -  - exec CUpdateClientPartner::ParseServerData
2019-10-14 03:44:32 -  - TIME GetUpdatesList(request) 0.232 sec
2019-10-14 03:44:32 -  - exec CUpdateClientPartner::ParseServerData
2019-10-14 03:44:32 -  - exec CUpdateClientPartner::__CollectRequestData
2019-10-14 03:44:32 -  - exec CUpdateClientPartner::__CollectRequestData
2019-10-14 03:44:32 -  - exec CUpdateClientPartner::GetHTTPPage
2019-10-14 03:44:32 -  - exec CUpdateClientPartner::GetHTTPPage
2019-10-14 03:44:33 -  - exec CUpdateClientPartner::ParseServerData
2019-10-14 03:44:33 -  - exec CUpdateClientPartner::ParseServerData
2019-10-21 01:32:19 -  - exec CUpdateClientPartner::__CollectRequestData
2019-10-21 01:32:19 -  - exec CUpdateClientPartner::GetHTTPPage
2019-10-21 01:32:20 -  - exec CUpdateClientPartner::ParseServerData
2019-10-21 01:32:20 -  - exec CUpdateClientPartner::GetUpdatesList
2019-10-21 01:32:20 -  - exec CUpdateClientPartner::__CollectRequestData
2019-10-21 01:32:20 -  - utf=Y&lang=ru&stable=Y&CANGZIP=Y&SUPD_DBS=MYSQL&XE=N&CLIENT_SITE=erooms.fvds.ru&LICENSE_KEY=X&SUPD_STS=1&SUPD_URS=0&SUPD_URSA=1&TYPENC=D&CLIENT_PHPVER=5.6.38&NGINX=Y&dbv=5.7.24&instm=main%2C18.5.180%2CY%3Bhighloadblock%2C18.5.100%2CN%3Babtest%2C17.5.0%2CN%3Btranslate%2C18.0.0%2CN%3Bvote%2C17.5.1%2CN%3Bblog%2C18.1.0%2CN%3Bseo%2C18.6.100%2CN%3Bb24connector%2C18.5.0%2CN%3Bcatalog%2C18.6.300%2CN%3Bmobileapp%2C18.5.100%2CN%3Bfileman%2C18.5.400%2CN%3Bnsandrey.emptyinstall%2C1.0.5%2CN%3Bsocialservices%2C18.5.100%2CN%3Bbitrixcloud%2C18.5.0%2CN%3Brest%2C18.5.7%2CN%3Bsearch%2C18.5.200%2CN%3Bui%2C18.5.150%2CN%3Bsender%2C18.5.3%2CN%3Bsecurity%2C18.5.1%2CN%3Bpull%2C18.5.100%2CN%3Breport%2C18.1.1%2CN%3Blanding%2C18.6.75%2CN%3Bcurrency%2C18.5.1%2CN%3Bbitrix.eshop%2C18.0.0%2CN%3Bclouds%2C18.0.0%2CN%3Biblock%2C18.6.400%2CN%3Bscale%2C17.5.0%2CN%3Bconversion%2C18.5.0%2CN%3Bmessageservice%2C18.0.3%2CN%3Bstoreassist%2C18.1.0%2CN%3Bsubscribe%2C18.5.0%2CN%3Bsale%2C18.6.175%2CN%3Bforum%2C18.0.5%2CN%3Bform%2C18.0.0%2CN%3Bbitrix.sitecorporate%2C15.5.0%2CN%3Bcompression%2C16.0.0%2CN%3Bperfmon%2C18.5.0%2CN%3Bphotogallery%2C18.0.0%2CN&reqm=nsandrey.emptyinstall%2Cbitrix.eshop%2Cbitrix.sitecorporate&fullmoduleinfo=Y&SUPD_SRS=RU&SUPD_CMP=N
2019-10-21 01:32:20 -  - exec CUpdateClientPartner::GetHTTPPage
2019-10-21 01:32:20 -  - TIME GetUpdatesList(request) 0.187 sec
2019-10-21 01:32:20 -  - exec CUpdateClientPartner::ParseServerData
2019-10-21 01:32:20 -  - exec CUpdateClientPartner::__CollectRequestData
2019-10-21 01:32:20 -  - exec CUpdateClientPartner::GetHTTPPage
2019-10-21 01:32:20 -  - exec CUpdateClientPartner::ParseServerData
2019-10-21 01:32:21 -  - exec CUpdateClientPartner::__CollectRequestData
2019-10-21 01:32:21 -  - exec CUpdateClientPartner::GetHTTPPage
2019-10-21 01:32:21 -  - exec CUpdateClientPartner::ParseServerData
2019-10-21 01:32:21 -  - exec CUpdateClientPartner::GetUpdatesList
2019-10-21 01:32:21 -  - exec CUpdateClientPartner::__CollectRequestData
2019-10-21 01:32:21 -  - utf=Y&lang=ru&stable=Y&CANGZIP=Y&SUPD_DBS=MYSQL&XE=N&CLIENT_SITE=erooms.fvds.ru&LICENSE_KEY=X&SUPD_STS=1&SUPD_URS=0&SUPD_URSA=1&TYPENC=D&CLIENT_PHPVER=5.6.38&NGINX=Y&dbv=5.7.24&instm=main%2C18.5.180%2CY%3Bhighloadblock%2C18.5.100%2CN%3Babtest%2C17.5.0%2CN%3Btranslate%2C18.0.0%2CN%3Bvote%2C17.5.1%2CN%3Bblog%2C18.1.0%2CN%3Bseo%2C18.6.100%2CN%3Bb24connector%2C18.5.0%2CN%3Bcatalog%2C18.6.300%2CN%3Bmobileapp%2C18.5.100%2CN%3Bfileman%2C18.5.400%2CN%3Bnsandrey.emptyinstall%2C1.0.5%2CN%3Bsocialservices%2C18.5.100%2CN%3Bbitrixcloud%2C18.5.0%2CN%3Brest%2C18.5.7%2CN%3Bsearch%2C18.5.200%2CN%3Bui%2C18.5.150%2CN%3Bsender%2C18.5.3%2CN%3Bsecurity%2C18.5.1%2CN%3Bpull%2C18.5.100%2CN%3Breport%2C18.1.1%2CN%3Blanding%2C18.6.75%2CN%3Bcurrency%2C18.5.1%2CN%3Bbitrix.eshop%2C18.0.0%2CN%3Bclouds%2C18.0.0%2CN%3Biblock%2C18.6.400%2CN%3Bscale%2C17.5.0%2CN%3Bconversion%2C18.5.0%2CN%3Bmessageservice%2C18.0.3%2CN%3Bstoreassist%2C18.1.0%2CN%3Bsubscribe%2C18.5.0%2CN%3Bsale%2C18.6.175%2CN%3Bforum%2C18.0.5%2CN%3Bform%2C18.0.0%2CN%3Bbitrix.sitecorporate%2C15.5.0%2CN%3Bcompression%2C16.0.0%2CN%3Bperfmon%2C18.5.0%2CN%3Bphotogallery%2C18.0.0%2CN&reqm=nsandrey.emptyinstall%2Cbitrix.eshop%2Cbitrix.sitecorporate&fullmoduleinfo=Y&SUPD_SRS=RU&SUPD_CMP=N
2019-10-21 01:32:21 -  - exec CUpdateClientPartner::GetHTTPPage
2019-10-21 01:32:22 -  - TIME GetUpdatesList(request) 0.177 sec
2019-10-21 01:32:22 -  - exec CUpdateClientPartner::ParseServerData
2019-10-21 01:32:22 -  - exec CUpdateClientPartner::__CollectRequestData
2019-10-21 01:32:22 -  - exec CUpdateClientPartner::GetHTTPPage
2019-10-21 01:32:22 -  - exec CUpdateClientPartner::ParseServerData
2019-12-14 06:45:28 -  - exec CUpdateClientPartner::__CollectRequestData
2019-12-14 06:45:28 -  - exec CUpdateClientPartner::GetHTTPPage
2019-12-14 06:45:28 -  - exec CUpdateClientPartner::ParseServerData
2019-12-14 06:45:28 -  - exec CUpdateClientPartner::GetUpdatesList
2019-12-14 06:45:28 -  - exec CUpdateClientPartner::__CollectRequestData
2019-12-14 06:45:28 -  - utf=Y&lang=ru&stable=Y&CANGZIP=Y&SUPD_DBS=MYSQL&XE=N&CLIENT_SITE=erooms.fvds.ru&LICENSE_KEY=X&SUPD_STS=1&SUPD_URS=0&SUPD_URSA=1&TYPENC=D&CLIENT_PHPVER=7.0.32-0ubuntu0.16.04.1&NGINX=Y&dbv=5.7.24&instm=main%2C18.5.180%2CY%3Bhighloadblock%2C18.5.100%2CN%3Babtest%2C17.5.0%2CN%3Btranslate%2C18.0.0%2CN%3Bvote%2C17.5.1%2CN%3Bblog%2C18.1.0%2CN%3Bseo%2C18.6.100%2CN%3Bb24connector%2C18.5.0%2CN%3Bcatalog%2C18.6.300%2CN%3Bmobileapp%2C18.5.100%2CN%3Bfileman%2C18.5.400%2CN%3Bnsandrey.emptyinstall%2C1.0.5%2CN%3Bsocialservices%2C18.5.100%2CN%3Bbitrixcloud%2C18.5.0%2CN%3Brest%2C18.5.7%2CN%3Bsearch%2C18.5.200%2CN%3Bui%2C18.5.150%2CN%3Bsender%2C18.5.3%2CN%3Bsecurity%2C18.5.1%2CN%3Bpull%2C18.5.100%2CN%3Breport%2C18.1.1%2CN%3Blanding%2C18.6.75%2CN%3Bcurrency%2C18.5.1%2CN%3Bbitrix.eshop%2C18.0.0%2CN%3Bclouds%2C18.0.0%2CN%3Biblock%2C18.6.400%2CN%3Bscale%2C17.5.0%2CN%3Bconversion%2C18.5.0%2CN%3Bmessageservice%2C18.0.3%2CN%3Bstoreassist%2C18.1.0%2CN%3Bsubscribe%2C18.5.0%2CN%3Bsale%2C18.6.175%2CN%3Bforum%2C18.0.5%2CN%3Bform%2C18.0.0%2CN%3Bbitrix.sitecorporate%2C15.5.0%2CN%3Bcompression%2C16.0.0%2CN%3Bperfmon%2C18.5.0%2CN%3Bphotogallery%2C18.0.0%2CN&reqm=nsandrey.emptyinstall%2Cbitrix.eshop%2Cbitrix.sitecorporate&fullmoduleinfo=Y&SUPD_SRS=RU&SUPD_CMP=N
2019-12-14 06:45:28 -  - exec CUpdateClientPartner::GetHTTPPage
2019-12-14 06:45:28 -  - TIME GetUpdatesList(request) 0.187 sec
2019-12-14 06:45:28 -  - exec CUpdateClientPartner::ParseServerData
2019-12-14 06:45:28 -  - exec CUpdateClientPartner::__CollectRequestData
2019-12-14 06:45:28 -  - exec CUpdateClientPartner::GetHTTPPage
2019-12-14 06:45:28 -  - exec CUpdateClientPartner::ParseServerData
2019-12-16 09:48:15 -  - exec CUpdateClientPartner::__CollectRequestData
2019-12-16 09:48:15 -  - exec CUpdateClientPartner::GetHTTPPage
2019-12-16 09:48:15 -  - exec CUpdateClientPartner::ParseServerData
2019-12-16 09:48:15 -  - exec CUpdateClientPartner::GetUpdatesList
2019-12-16 09:48:15 -  - exec CUpdateClientPartner::__CollectRequestData
2019-12-16 09:48:15 -  - utf=Y&lang=ru&stable=Y&CANGZIP=Y&SUPD_DBS=MYSQL&XE=N&CLIENT_SITE=erooms&LICENSE_KEY=X&SUPD_STS=1&SUPD_URS=0&SUPD_URSA=1&TYPENC=D&CLIENT_PHPVER=7.3.9&NGINX=Y&dbv=5.7.25&instm=main%2C18.5.180%2CY%3Babtest%2C17.5.0%2CN%3Bb24connector%2C18.5.0%2CN%3Bbitrix.eshop%2C18.0.0%2CN%3Bbitrix.sitecorporate%2C15.5.0%2CN%3Bbitrixcloud%2C18.5.0%2CN%3Bblog%2C18.1.0%2CN%3Bcatalog%2C18.6.300%2CN%3Bclouds%2C18.0.0%2CN%3Bcompression%2C16.0.0%2CN%3Bconversion%2C18.5.0%2CN%3Bcurrency%2C18.5.1%2CN%3Bfileman%2C18.5.400%2CN%3Bform%2C18.0.0%2CN%3Bforum%2C18.0.5%2CN%3Bhighloadblock%2C18.5.100%2CN%3Biblock%2C18.6.400%2CN%3Blanding%2C18.6.75%2CN%3Bmessageservice%2C18.0.3%2CN%3Bmobileapp%2C18.5.100%2CN%3Bnsandrey.emptyinstall%2C1.0.5%2CN%3Bperfmon%2C18.5.0%2CN%3Bphotogallery%2C18.0.0%2CN%3Bpull%2C18.5.100%2CN%3Breport%2C18.1.1%2CN%3Brest%2C18.5.7%2CN%3Bsale%2C18.6.175%2CN%3Bscale%2C17.5.0%2CN%3Bsearch%2C18.5.200%2CN%3Bsecurity%2C18.5.1%2CN%3Bsender%2C18.5.3%2CN%3Bseo%2C18.6.100%2CN%3Bsocialservices%2C18.5.100%2CN%3Bstoreassist%2C18.1.0%2CN%3Bsubscribe%2C18.5.0%2CN%3Btranslate%2C18.0.0%2CN%3Bui%2C18.5.150%2CN%3Bvote%2C17.5.1%2CN&reqm=bitrix.eshop%2Cbitrix.sitecorporate%2Cnsandrey.emptyinstall&fullmoduleinfo=Y&SUPD_SRS=RU&SUPD_CMP=N
2019-12-16 09:48:15 -  - exec CUpdateClientPartner::GetHTTPPage
2019-12-16 09:48:16 -  - TIME GetUpdatesList(request) 0.282 sec
2019-12-16 09:48:16 -  - exec CUpdateClientPartner::ParseServerData
2019-12-16 09:48:16 -  - exec CUpdateClientPartner::__CollectRequestData
2019-12-16 09:48:16 -  - exec CUpdateClientPartner::GetHTTPPage
2019-12-16 09:48:16 -  - exec CUpdateClientPartner::ParseServerData
2019-12-17 10:05:27 -  - exec CUpdateClientPartner::__CollectRequestData
2019-12-17 10:05:27 -  - exec CUpdateClientPartner::GetHTTPPage
2019-12-17 10:05:27 - ERRCONN - Error connecting 2 www.bitrixsoft.com: [0] php_network_getaddresses: getaddrinfo failed: Этот хост неизвестен. 
2019-12-17 10:05:27 -  - exec CUpdateClientPartner::GetUpdatesList
2019-12-17 10:05:27 -  - exec CUpdateClientPartner::__CollectRequestData
2019-12-17 10:05:27 -  - utf=Y&lang=ru&stable=Y&CANGZIP=Y&SUPD_DBS=MYSQL&XE=N&CLIENT_SITE=erooms&LICENSE_KEY=X&SUPD_STS=1&SUPD_URS=0&SUPD_URSA=1&TYPENC=D&CLIENT_PHPVER=7.3.9&NGINX=Y&dbv=5.7.25&instm=main%2C18.5.180%2CY%3Babtest%2C17.5.0%2CN%3Bb24connector%2C18.5.0%2CN%3Bbitrix.eshop%2C18.0.0%2CN%3Bbitrix.sitecorporate%2C15.5.0%2CN%3Bbitrixcloud%2C18.5.0%2CN%3Bblog%2C18.1.0%2CN%3Bcatalog%2C18.6.300%2CN%3Bclouds%2C18.0.0%2CN%3Bcompression%2C16.0.0%2CN%3Bconversion%2C18.5.0%2CN%3Bcurrency%2C18.5.1%2CN%3Bfileman%2C18.5.400%2CN%3Bform%2C18.0.0%2CN%3Bforum%2C18.0.5%2CN%3Bhighloadblock%2C18.5.100%2CN%3Biblock%2C18.6.400%2CN%3Blanding%2C18.6.75%2CN%3Bmessageservice%2C18.0.3%2CN%3Bmobileapp%2C18.5.100%2CN%3Bnsandrey.emptyinstall%2C1.0.5%2CN%3Bperfmon%2C18.5.0%2CN%3Bphotogallery%2C18.0.0%2CN%3Bpull%2C18.5.100%2CN%3Breport%2C18.1.1%2CN%3Brest%2C18.5.7%2CN%3Bsale%2C18.6.175%2CN%3Bscale%2C17.5.0%2CN%3Bsearch%2C18.5.200%2CN%3Bsecurity%2C18.5.1%2CN%3Bsender%2C18.5.3%2CN%3Bseo%2C18.6.100%2CN%3Bsocialservices%2C18.5.100%2CN%3Bstoreassist%2C18.1.0%2CN%3Bsubscribe%2C18.5.0%2CN%3Btranslate%2C18.0.0%2CN%3Bui%2C18.5.150%2CN%3Bvote%2C17.5.1%2CN&reqm=bitrix.eshop%2Cbitrix.sitecorporate%2Cnsandrey.emptyinstall&fullmoduleinfo=Y&SUPD_SRS=RU&SUPD_CMP=N
2019-12-17 10:05:27 -  - exec CUpdateClientPartner::GetHTTPPage
2019-12-17 10:05:27 - ERRCONN - Error connecting 2 www.bitrixsoft.com: [0] php_network_getaddresses: getaddrinfo failed: Этот хост неизвестен. 
2019-12-17 10:05:27 -  - TIME GetUpdatesList(request) 0.003 sec
2019-12-17 10:05:27 - GUL02 - РћС€РёР±РєР° СЃРѕРµРґРёРЅРµРЅРёСЏ СЃ СЃРµСЂРІРµСЂРѕРј РѕР±РЅРѕРІР»РµРЅРёР№: [0] php_network_getaddresses: getaddrinfo failed: Этот хост неизвестен. . РќРµС‚ СЃРѕРµРґРёРЅРµРЅРёСЏ СЃ СЃРµСЂРІРµСЂРѕРј РѕР±РЅРѕРІР»РµРЅРёР№. 
2019-12-17 10:05:27 -  - exec CUpdateClientPartner::__CollectRequestData
2019-12-17 10:05:27 -  - exec CUpdateClientPartner::GetHTTPPage
2019-12-17 10:05:27 - ERRCONN - Error connecting 2 www.bitrixsoft.com: [0] php_network_getaddresses: getaddrinfo failed: Этот хост неизвестен. 
2019-12-18 11:39:43 -  - exec CUpdateClientPartner::__CollectRequestData
2019-12-18 11:39:43 -  - exec CUpdateClientPartner::GetHTTPPage
2019-12-18 11:39:43 -  - exec CUpdateClientPartner::ParseServerData
2019-12-18 11:39:43 -  - exec CUpdateClientPartner::GetUpdatesList
2019-12-18 11:39:43 -  - exec CUpdateClientPartner::__CollectRequestData
2019-12-18 11:39:44 -  - utf=Y&lang=ru&stable=Y&CANGZIP=Y&SUPD_DBS=MYSQL&XE=N&CLIENT_SITE=erooms&LICENSE_KEY=X&SUPD_STS=1&SUPD_URS=0&SUPD_URSA=1&TYPENC=D&CLIENT_PHPVER=7.3.9&NGINX=Y&dbv=5.7.25&instm=main%2C18.5.180%2CY%3Babtest%2C17.5.0%2CN%3Bb24connector%2C18.5.0%2CN%3Bbitrix.eshop%2C18.0.0%2CN%3Bbitrix.sitecorporate%2C15.5.0%2CN%3Bbitrixcloud%2C18.5.0%2CN%3Bblog%2C18.1.0%2CN%3Bcatalog%2C18.6.300%2CN%3Bclouds%2C18.0.0%2CN%3Bcompression%2C16.0.0%2CN%3Bconversion%2C18.5.0%2CN%3Bcurrency%2C18.5.1%2CN%3Bfileman%2C18.5.400%2CN%3Bform%2C18.0.0%2CN%3Bforum%2C18.0.5%2CN%3Bhighloadblock%2C18.5.100%2CN%3Biblock%2C18.6.400%2CN%3Blanding%2C18.6.75%2CN%3Bmessageservice%2C18.0.3%2CN%3Bmobileapp%2C18.5.100%2CN%3Bnsandrey.emptyinstall%2C1.0.5%2CN%3Bperfmon%2C18.5.0%2CN%3Bphotogallery%2C18.0.0%2CN%3Bpull%2C18.5.100%2CN%3Breport%2C18.1.1%2CN%3Brest%2C18.5.7%2CN%3Bsale%2C18.6.175%2CN%3Bscale%2C17.5.0%2CN%3Bsearch%2C18.5.200%2CN%3Bsecurity%2C18.5.1%2CN%3Bsender%2C18.5.3%2CN%3Bseo%2C18.6.100%2CN%3Bsocialservices%2C18.5.100%2CN%3Bstoreassist%2C18.1.0%2CN%3Bsubscribe%2C18.5.0%2CN%3Btranslate%2C18.0.0%2CN%3Bui%2C18.5.150%2CN%3Bvote%2C17.5.1%2CN&reqm=bitrix.eshop%2Cbitrix.sitecorporate%2Cnsandrey.emptyinstall&fullmoduleinfo=Y&SUPD_SRS=RU&SUPD_CMP=N
2019-12-18 11:39:44 -  - exec CUpdateClientPartner::GetHTTPPage
2019-12-18 11:39:44 -  - TIME GetUpdatesList(request) 0.314 sec
2019-12-18 11:39:44 -  - exec CUpdateClientPartner::ParseServerData
2019-12-18 11:39:44 -  - exec CUpdateClientPartner::__CollectRequestData
2019-12-18 11:39:44 -  - exec CUpdateClientPartner::GetHTTPPage
2019-12-18 11:39:44 -  - exec CUpdateClientPartner::ParseServerData
