2019-10-21 01:34:36 -  - exec CUpdateClient::GetUpdatesList
2019-10-21 01:34:36 -  - exec CUpdateClient::CollectRequestData
2019-10-21 01:34:36 -  - LICENSE_KEY=X&lang=ru&SUPD_VER=18.5.100&VERSION=18.5.180&TYPENC=D&SUPD_STS=1&SUPD_URS=0&SUPD_DBS=MYSQL&XE=N&CLIENT_SITE=erooms.fvds.ru&CHHB=erooms.fvds.ru&CSAB=185.43.5.15&SUID=96cb02521cc1ab5908bed681ea013fc4&CANGZIP=Y&CLIENT_PHPVER=5.6.38&stable=Y&NGINX=Y&SMD=N&rerere=Y&bitm_main=18.5.180&bitm_highloadblock=18.5.100&bitm_abtest=17.5.0&bitm_translate=18.0.0&bitm_vote=17.5.1&bitm_blog=18.1.0&bitm_seo=18.6.100&bitm_b24connector=18.5.0&bitm_catalog=18.6.300&bitm_mobileapp=18.5.100&bitm_fileman=18.5.400&bitm_socialservices=18.5.100&bitm_bitrixcloud=18.5.0&bitm_rest=18.5.7&bitm_search=18.5.200&bitm_ui=18.5.150&bitm_sender=18.5.3&bitm_security=18.5.1&bitm_pull=18.5.100&bitm_report=18.1.1&bitm_landing=18.6.75&bitm_currency=18.5.1&bitm_clouds=18.0.0&bitm_iblock=18.6.400&bitm_scale=17.5.0&bitm_conversion=18.5.0&bitm_messageservice=18.0.3&bitm_storeassist=18.1.0&bitm_subscribe=18.5.0&bitm_sale=18.6.175&bitm_forum=18.0.5&bitm_form=18.0.0&bitm_compression=16.0.0&bitm_perfmon=18.5.0&bitm_photogallery=18.0.0&bitl_ru=&bitl_en=&SUPD_OFC=Small&SUPD_SRS=RU&SUPD_CMP=N&SALE_15=Y&LICENSE_SIGNED=%7Enew_license18_0_sign-N
2019-10-21 01:34:36 -  - exec CUpdateClient::GetHTTPPage
2019-10-21 01:34:36 -  - TIME GetUpdatesList(request) 0.243 sec
2019-10-21 01:34:36 -  - exec CUpdateClient::ParseServerData
2020-05-22 13:36:22 -  - exec CUpdateClient::GetUpdatesList
2020-05-22 13:36:22 -  - exec CUpdateClient::CollectRequestData
2020-05-22 13:36:22 -  - LICENSE_KEY=X&lang=ru&SUPD_VER=18.5.100&VERSION=18.5.180&TYPENC=D&SUPD_STS=1&SUPD_URS=0&SUPD_DBS=MYSQL&XE=N&CLIENT_SITE=erooms&CHHB=erooms&CSAB=127.0.0.1&SUID=96cb02521cc1ab5908bed681ea013fc4&CANGZIP=Y&CLIENT_PHPVER=7.1.8&stable=Y&NGINX=Y&SMD=N&rerere=Y&bitm_main=18.5.180&bitm_abtest=17.5.0&bitm_b24connector=18.5.0&bitm_bitrixcloud=18.5.0&bitm_blog=18.1.0&bitm_catalog=18.6.300&bitm_clouds=18.0.0&bitm_compression=16.0.0&bitm_conversion=18.5.0&bitm_currency=18.5.1&bitm_fileman=18.5.400&bitm_form=18.0.0&bitm_forum=18.0.5&bitm_highloadblock=18.5.100&bitm_iblock=18.6.400&bitm_landing=18.6.75&bitm_messageservice=18.0.3&bitm_mobileapp=18.5.100&bitm_perfmon=18.5.0&bitm_photogallery=18.0.0&bitm_pull=18.5.100&bitm_report=18.1.1&bitm_rest=18.5.7&bitm_sale=18.6.175&bitm_scale=17.5.0&bitm_search=18.5.200&bitm_security=18.5.1&bitm_sender=18.5.3&bitm_seo=18.6.100&bitm_socialservices=18.5.100&bitm_storeassist=18.1.0&bitm_subscribe=18.5.0&bitm_translate=18.0.0&bitm_ui=18.5.150&bitm_vote=17.5.1&bitl_en=&bitl_ru=&SUPD_OFC=Small&SUPD_SRS=RU&SUPD_CMP=N&SALE_15=Y&LICENSE_SIGNED=%7Enew_license18_0_sign-N
2020-05-22 13:36:22 -  - exec CUpdateClient::GetHTTPPage
2020-05-22 13:36:23 -  - TIME GetUpdatesList(request) 0.899 sec
2020-05-22 13:36:23 -  - exec CUpdateClient::ParseServerData
2020-05-22 13:36:23 -  - exec CUpdateClient::executeCounters
2020-05-22 13:36:23 -  - exec CUpdateClient::CollectRequestData
2020-05-22 13:36:23 -  - LICENSE_KEY=X&lang=ru&SUPD_VER=18.5.100&VERSION=18.5.180&TYPENC=D&SUPD_STS=1&SUPD_URS=0&SUPD_DBS=MYSQL&XE=N&CLIENT_SITE=erooms&CHHB=erooms&CSAB=127.0.0.1&SUID=96cb02521cc1ab5908bed681ea013fc4&CANGZIP=Y&CLIENT_PHPVER=7.1.8&stable=Y&NGINX=Y&SMD=N&rerere=Y&bitm_main=18.5.180&bitm_abtest=17.5.0&bitm_b24connector=18.5.0&bitm_bitrixcloud=18.5.0&bitm_blog=18.1.0&bitm_catalog=18.6.300&bitm_clouds=18.0.0&bitm_compression=16.0.0&bitm_conversion=18.5.0&bitm_currency=18.5.1&bitm_fileman=18.5.400&bitm_form=18.0.0&bitm_forum=18.0.5&bitm_highloadblock=18.5.100&bitm_iblock=18.6.400&bitm_landing=18.6.75&bitm_messageservice=18.0.3&bitm_mobileapp=18.5.100&bitm_perfmon=18.5.0&bitm_photogallery=18.0.0&bitm_pull=18.5.100&bitm_report=18.1.1&bitm_rest=18.5.7&bitm_sale=18.6.175&bitm_scale=17.5.0&bitm_search=18.5.200&bitm_security=18.5.1&bitm_sender=18.5.3&bitm_seo=18.6.100&bitm_socialservices=18.5.100&bitm_storeassist=18.1.0&bitm_subscribe=18.5.0&bitm_translate=18.0.0&bitm_ui=18.5.150&bitm_vote=17.5.1&bitl_en=&bitl_ru=&SUPD_OFC=Small&SUPD_SRS=RU&SUPD_CMP=N&SALE_15=Y&LICENSE_SIGNED=%7Enew_license18_0_sign-N&query_type=counter&cntr_result[312]=4545
2020-05-22 13:36:23 -  - exec CUpdateClient::GetHTTPPage
2020-05-22 13:36:23 -  - TIME executeCounters 0.308 sec
2020-05-22 13:57:42 -  - exec CUpdateClient::GetUpdatesList
2020-05-22 13:57:42 -  - exec CUpdateClient::CollectRequestData
2020-05-22 13:57:42 -  - LICENSE_KEY=X&lang=ru&SUPD_VER=18.5.100&VERSION=18.5.180&TYPENC=D&SUPD_STS=1&SUPD_URS=0&SUPD_DBS=MYSQL&XE=N&CLIENT_SITE=erooms&CHHB=erooms&CSAB=127.0.0.1&SUID=96cb02521cc1ab5908bed681ea013fc4&CANGZIP=Y&CLIENT_PHPVER=7.1.8&stable=Y&NGINX=Y&SMD=N&rerere=Y&bitm_main=18.5.180&bitm_abtest=17.5.0&bitm_b24connector=18.5.0&bitm_bitrixcloud=18.5.0&bitm_blog=18.1.0&bitm_catalog=18.6.300&bitm_clouds=18.0.0&bitm_compression=16.0.0&bitm_conversion=18.5.0&bitm_currency=18.5.1&bitm_fileman=18.5.400&bitm_form=18.0.0&bitm_forum=18.0.5&bitm_highloadblock=18.5.100&bitm_iblock=18.6.400&bitm_landing=18.6.75&bitm_messageservice=18.0.3&bitm_mobileapp=18.5.100&bitm_perfmon=18.5.0&bitm_photogallery=18.0.0&bitm_pull=18.5.100&bitm_report=18.1.1&bitm_rest=18.5.7&bitm_sale=18.6.175&bitm_scale=17.5.0&bitm_search=18.5.200&bitm_security=18.5.1&bitm_sender=18.5.3&bitm_seo=18.6.100&bitm_socialservices=18.5.100&bitm_storeassist=18.1.0&bitm_subscribe=18.5.0&bitm_translate=18.0.0&bitm_ui=18.5.150&bitm_vote=17.5.1&bitl_en=&bitl_ru=&SUPD_OFC=Small&SUPD_SRS=RU&SUPD_CMP=N&SALE_15=Y&LICENSE_SIGNED=%7Enew_license18_0_sign-N
2020-05-22 13:57:42 -  - exec CUpdateClient::GetHTTPPage
2020-05-22 13:57:43 -  - TIME GetUpdatesList(request) 0.653 sec
2020-05-22 13:57:43 -  - exec CUpdateClient::ParseServerData
2020-05-22 13:57:43 -  - exec CUpdateClient::executeCounters
2020-05-22 13:57:43 -  - exec CUpdateClient::CollectRequestData
2020-05-22 13:57:43 -  - LICENSE_KEY=X&lang=ru&SUPD_VER=18.5.100&VERSION=18.5.180&TYPENC=D&SUPD_STS=1&SUPD_URS=0&SUPD_DBS=MYSQL&XE=N&CLIENT_SITE=erooms&CHHB=erooms&CSAB=127.0.0.1&SUID=96cb02521cc1ab5908bed681ea013fc4&CANGZIP=Y&CLIENT_PHPVER=7.1.8&stable=Y&NGINX=Y&SMD=N&rerere=Y&bitm_main=18.5.180&bitm_abtest=17.5.0&bitm_b24connector=18.5.0&bitm_bitrixcloud=18.5.0&bitm_blog=18.1.0&bitm_catalog=18.6.300&bitm_clouds=18.0.0&bitm_compression=16.0.0&bitm_conversion=18.5.0&bitm_currency=18.5.1&bitm_fileman=18.5.400&bitm_form=18.0.0&bitm_forum=18.0.5&bitm_highloadblock=18.5.100&bitm_iblock=18.6.400&bitm_landing=18.6.75&bitm_messageservice=18.0.3&bitm_mobileapp=18.5.100&bitm_perfmon=18.5.0&bitm_photogallery=18.0.0&bitm_pull=18.5.100&bitm_report=18.1.1&bitm_rest=18.5.7&bitm_sale=18.6.175&bitm_scale=17.5.0&bitm_search=18.5.200&bitm_security=18.5.1&bitm_sender=18.5.3&bitm_seo=18.6.100&bitm_socialservices=18.5.100&bitm_storeassist=18.1.0&bitm_subscribe=18.5.0&bitm_translate=18.0.0&bitm_ui=18.5.150&bitm_vote=17.5.1&bitl_en=&bitl_ru=&SUPD_OFC=Small&SUPD_SRS=RU&SUPD_CMP=N&SALE_15=Y&LICENSE_SIGNED=%7Enew_license18_0_sign-N&query_type=counter&cntr_result[312]=-
2020-05-22 13:57:43 -  - exec CUpdateClient::GetHTTPPage
2020-05-22 13:57:43 -  - TIME executeCounters 0.279 sec
